<?xml version="1.0" encoding="UTF-8"?>
<testsuite name="RectangleTest" tests="9" skipped="0" failures="0" errors="0" timestamp="2021-03-10T12:49:51" hostname="DESKTOP-AB0UK2U" time="0.076">
  <properties/>
  <testcase name="testZeroValuedPerimeterForZeroValuedSides()" classname="RectangleTest" time="0.047"/>
  <testcase name="testPositiveValuedAreaForPositiveValuedSides()" classname="RectangleTest" time="0.001"/>
  <testcase name="testZeroValuedAreaForZeroValuedSides()" classname="RectangleTest" time="0.002"/>
  <testcase name="testPositiveValuedAreaForPositiveValuedSideOfSquare()" classname="RectangleTest" time="0.002"/>
  <testcase name="testZeroValuedAreaForZeroValuedSidesOfSquare()" classname="RectangleTest" time="0.001"/>
  <testcase name="testPositiveValuedPerimeterForPositiveValuedSides()" classname="RectangleTest" time="0.001"/>
  <testcase name="testZeroValuedPerimeterForZeroValuedSidesOfSquare()" classname="RectangleTest" time="0.001"/>
  <testcase name="testPositiveValuedPerimeterForPositiveValuedSideOfSquare()" classname="RectangleTest" time="0.002"/>
  <testcase name="testThrowsExceptionForNegativeValuedSides()" classname="RectangleTest" time="0.007"/>
  <system-out><![CDATA[]]></system-out>
  <system-err><![CDATA[]]></system-err>
</testsuite>
