<?xml version="1.0" encoding="UTF-8"?>
<testsuite name="RectangleTest" tests="8" skipped="0" failures="0" errors="0" timestamp="2021-03-11T09:32:08" hostname="DESKTOP-AB0UK2U" time="0.08">
  <properties/>
  <testcase name="testThrowsExceptionForNegativeValuedSideOfSqaure()" classname="RectangleTest" time="0.059"/>
  <testcase name="testPositiveValuedAreaForPositiveValuedSides()" classname="RectangleTest" time="0.002"/>
  <testcase name="testPositiveValuedAreaForPositiveValuedSideOfSquare()" classname="RectangleTest" time="0.001"/>
  <testcase name="testThrowsExceptionForZeroValuedSidesOfSquare()" classname="RectangleTest" time="0.003"/>
  <testcase name="testThrowsExceptionForZeroValuedSides()" classname="RectangleTest" time="0.003"/>
  <testcase name="testPositiveValuedPerimeterForPositiveValuedSides()" classname="RectangleTest" time="0.001"/>
  <testcase name="testPositiveValuedPerimeterForPositiveValuedSideOfSquare()" classname="RectangleTest" time="0.001"/>
  <testcase name="testThrowsExceptionForNegativeValuedSides()" classname="RectangleTest" time="0.002"/>
  <system-out><![CDATA[]]></system-out>
  <system-err><![CDATA[]]></system-err>
</testsuite>
